# JRE version: 7.0_25-b17
# Java VM: Java HotSpot(TM) 64-Bit Server VM (23.25-b01 mixed mode windows-amd64 compressed oops)
Heap
 PSYoungGen      total 134528K, used 100217K [0x00000000eaab0000, 0x00000000f74b0000, 0x0000000100000000)
  eden space 131456K, 73% used [0x00000000eaab0000,0x00000000f0993df8,0x00000000f2b10000)
  from space 3072K, 99% used [0x00000000f2e60000,0x00000000f315a8f0,0x00000000f3160000)
  to   space 37696K, 0% used [0x00000000f4fe0000,0x00000000f4fe0000,0x00000000f74b0000)
 ParOldGen       total 349568K, used 103718K [0x00000000c0000000, 0x00000000d5560000, 0x00000000eaab0000)
  object space 349568K, 29% used [0x00000000c0000000,0x00000000c65498a8,0x00000000d5560000)
 PSPermGen       total 111872K, used 111796K [0x00000000b0000000, 0x00000000b6d40000, 0x00000000c0000000)
  object space 111872K, 99% used [0x00000000b0000000,0x00000000b6d2d0a8,0x00000000b6d40000)
GC Heap History (10 events):
Event: 522.814 GC heap before
{Heap before GC invocations=17 (full 0):
 PSYoungGen      total 133952K, used 133942K [0x00000000eaab0000, 0x00000000f60c0000, 0x0000000100000000)
  eden space 101440K, 100% used [0x00000000eaab0000,0x00000000f0dc0000,0x00000000f0dc0000)
  from space 32512K, 99% used [0x00000000f3590000,0x00000000f554db38,0x00000000f5550000)
  to   space 40768K, 0% used [0x00000000f0dc0000,0x00000000f0dc0000,0x00000000f3590000)
 ParOldGen       total 349568K, used 33333K [0x00000000c0000000, 0x00000000d5560000, 0x00000000eaab0000)
  object space 349568K, 9% used [0x00000000c0000000,0x00000000c208d460,0x00000000d5560000)
 PSPermGen       total 98432K, used 98298K [0x00000000b0000000, 0x00000000b6020000, 0x00000000c0000000)
  object space 98432K, 99% used [0x00000000b0000000,0x00000000b5ffea40,0x00000000b6020000)
Event: 523.116 GC heap after
Heap after GC invocations=17 (full 0):
 PSYoungGen      total 142208K, used 33639K [0x00000000eaab0000, 0x00000000f8f80000, 0x0000000100000000)
  eden space 101440K, 0% used [0x00000000eaab0000,0x00000000eaab0000,0x00000000f0dc0000)
  from space 40768K, 82% used [0x00000000f0dc0000,0x00000000f2e99d48,0x00000000f3590000)
  to   space 46144K, 0% used [0x00000000f6270000,0x00000000f6270000,0x00000000f8f80000)
 ParOldGen       total 349568K, used 60326K [0x00000000c0000000, 0x00000000d5560000, 0x00000000eaab0000)
  object space 349568K, 17% used [0x00000000c0000000,0x00000000c3ae9a78,0x00000000d5560000)
 PSPermGen       total 98432K, used 98298K [0x00000000b0000000, 0x00000000b6020000, 0x00000000c0000000)
  object space 98432K, 99% used [0x00000000b0000000,0x00000000b5ffea40,0x00000000b6020000)
}
Event: 533.132 GC heap before
{Heap before GC invocations=18 (full 0):
 PSYoungGen      total 142208K, used 135079K [0x00000000eaab0000, 0x00000000f8f80000, 0x0000000100000000)
  eden space 101440K, 100% used [0x00000000eaab0000,0x00000000f0dc0000,0x00000000f0dc0000)
  from space 40768K, 82% used [0x00000000f0dc0000,0x00000000f2e99d48,0x00000000f3590000)
  to   space 46144K, 0% used [0x00000000f6270000,0x00000000f6270000,0x00000000f8f80000)
 ParOldGen       total 349568K, used 60326K [0x00000000c0000000, 0x00000000d5560000, 0x00000000eaab0000)
  object space 349568K, 17% used [0x00000000c0000000,0x00000000c3ae9a78,0x00000000d5560000)
 PSPermGen       total 103808K, used 103767K [0x00000000b0000000, 0x00000000b6560000, 0x00000000c0000000)
  object space 103808K, 99% used [0x00000000b0000000,0x00000000b6555d68,0x00000000b6560000)
Event: 533.221 GC heap after
Heap after GC invocations=18 (full 0):
 PSYoungGen      total 181760K, used 13657K [0x00000000eaab0000, 0x00000000f8940000, 0x0000000100000000)
  eden space 142016K, 0% used [0x00000000eaab0000,0x00000000eaab0000,0x00000000f3560000)
  from space 39744K, 34% used [0x00000000f6270000,0x00000000f6fc65f0,0x00000000f8940000)
  to   space 42944K, 0% used [0x00000000f3560000,0x00000000f3560000,0x00000000f5f50000)
 ParOldGen       total 349568K, used 84833K [0x00000000c0000000, 0x00000000d5560000, 0x00000000eaab0000)
  object space 349568K, 24% used [0x00000000c0000000,0x00000000c52d8528,0x00000000d5560000)
 PSPermGen       total 103808K, used 103767K [0x00000000b0000000, 0x00000000b6560000, 0x00000000c0000000)
  object space 103808K, 99% used [0x00000000b0000000,0x00000000b6555d68,0x00000000b6560000)
}
Event: 544.239 GC heap before
{Heap before GC invocations=19 (full 0):
 PSYoungGen      total 181760K, used 155673K [0x00000000eaab0000, 0x00000000f8940000, 0x0000000100000000)
  eden space 142016K, 100% used [0x00000000eaab0000,0x00000000f3560000,0x00000000f3560000)
  from space 39744K, 34% used [0x00000000f6270000,0x00000000f6fc65f0,0x00000000f8940000)
  to   space 42944K, 0% used [0x00000000f3560000,0x00000000f3560000,0x00000000f5f50000)
 ParOldGen       total 349568K, used 84833K [0x00000000c0000000, 0x00000000d5560000, 0x00000000eaab0000)
  object space 349568K, 24% used [0x00000000c0000000,0x00000000c52d8528,0x00000000d5560000)
 PSPermGen       total 108032K, used 107924K [0x00000000b0000000, 0x00000000b6980000, 0x00000000c0000000)
  object space 108032K, 99% used [0x00000000b0000000,0x00000000b6965240,0x00000000b6980000)
Event: 544.286 GC heap after
Heap after GC invocations=19 (full 0):
 PSYoungGen      total 152960K, used 14581K [0x00000000eaab0000, 0x00000000f80b0000, 0x0000000100000000)
  eden space 138368K, 0% used [0x00000000eaab0000,0x00000000eaab0000,0x00000000f31d0000)
  from space 14592K, 99% used [0x00000000f3560000,0x00000000f439d678,0x00000000f43a0000)
  to   space 40384K, 0% used [0x00000000f5940000,0x00000000f5940000,0x00000000f80b0000)
 ParOldGen       total 349568K, used 92740K [0x00000000c0000000, 0x00000000d5560000, 0x00000000eaab0000)
  object space 349568K, 26% used [0x00000000c0000000,0x00000000c5a911a8,0x00000000d5560000)
 PSPermGen       total 108032K, used 107924K [0x00000000b0000000, 0x00000000b6980000, 0x00000000c0000000)
  object space 108032K, 99% used [0x00000000b0000000,0x00000000b6965240,0x00000000b6980000)
}
Event: 550.360 GC heap before
{Heap before GC invocations=20 (full 0):
 PSYoungGen      total 152960K, used 152949K [0x00000000eaab0000, 0x00000000f80b0000, 0x0000000100000000)
  eden space 138368K, 100% used [0x00000000eaab0000,0x00000000f31d0000,0x00000000f31d0000)
  from space 14592K, 99% used [0x00000000f3560000,0x00000000f439d678,0x00000000f43a0000)
  to   space 40384K, 0% used [0x00000000f5940000,0x00000000f5940000,0x00000000f80b0000)
 ParOldGen       total 349568K, used 92740K [0x00000000c0000000, 0x00000000d5560000, 0x00000000eaab0000)
  object space 349568K, 26% used [0x00000000c0000000,0x00000000c5a911a8,0x00000000d5560000)
 PSPermGen       total 110528K, used 110448K [0x00000000b0000000, 0x00000000b6bf0000, 0x00000000c0000000)
  object space 110528K, 99% used [0x00000000b0000000,0x00000000b6bdc218,0x00000000b6bf0000)
Event: 550.400 GC heap after
Heap after GC invocations=20 (full 0):
 PSYoungGen      total 168000K, used 8913K [0x00000000eaab0000, 0x00000000f79a0000, 0x0000000100000000)
  eden space 134848K, 0% used [0x00000000eaab0000,0x00000000eaab0000,0x00000000f2e60000)
  from space 33152K, 26% used [0x00000000f5940000,0x00000000f61f47c8,0x00000000f79a0000)
  to   space 38528K, 0% used [0x00000000f2e60000,0x00000000f2e60000,0x00000000f5400000)
 ParOldGen       total 349568K, used 103072K [0x00000000c0000000, 0x00000000d5560000, 0x00000000eaab0000)
  object space 349568K, 29% used [0x00000000c0000000,0x00000000c64a80e0,0x00000000d5560000)
 PSPermGen       total 110528K, used 110448K [0x00000000b0000000, 0x00000000b6bf0000, 0x00000000c0000000)
  object space 110528K, 99% used [0x00000000b0000000,0x00000000b6bdc218,0x00000000b6bf0000)
}
Event: 564.262 GC heap before
{Heap before GC invocations=21 (full 0):
 PSYoungGen      total 168000K, used 143761K [0x00000000eaab0000, 0x00000000f79a0000, 0x0000000100000000)
  eden space 134848K, 100% used [0x00000000eaab0000,0x00000000f2e60000,0x00000000f2e60000)
  from space 33152K, 26% used [0x00000000f5940000,0x00000000f61f47c8,0x00000000f79a0000)
  to   space 38528K, 0% used [0x00000000f2e60000,0x00000000f2e60000,0x00000000f5400000)
 ParOldGen       total 349568K, used 103072K [0x00000000c0000000, 0x00000000d5560000, 0x00000000eaab0000)
  object space 349568K, 29% used [0x00000000c0000000,0x00000000c64a80e0,0x00000000d5560000)
 PSPermGen       total 111104K, used 111037K [0x00000000b0000000, 0x00000000b6c80000, 0x00000000c0000000)
  object space 111104K, 99% used [0x00000000b0000000,0x00000000b6c6f718,0x00000000b6c80000)
Event: 564.273 GC heap after
Heap after GC invocations=21 (full 0):
 PSYoungGen      total 134528K, used 3050K [0x00000000eaab0000, 0x00000000f74b0000, 0x0000000100000000)
  eden space 131456K, 0% used [0x00000000eaab0000,0x00000000eaab0000,0x00000000f2b10000)
  from space 3072K, 99% used [0x00000000f2e60000,0x00000000f315a8f0,0x00000000f3160000)
  to   space 37696K, 0% used [0x00000000f4fe0000,0x00000000f4fe0000,0x00000000f74b0000)
 ParOldGen       total 349568K, used 103718K [0x00000000c0000000, 0x00000000d5560000, 0x00000000eaab0000)
  object space 349568K, 29% used [0x00000000c0000000,0x00000000c65498a8,0x00000000d5560000)
 PSPermGen       total 111104K, used 111037K [0x00000000b0000000, 0x00000000b6c80000, 0x00000000c0000000)
  object space 111104K, 99% used [0x00000000b0000000,0x00000000b6c6f718,0x00000000b6c80000)
}

